#
# There is insufficient memory for the Java Runtime Environment to continue.
# Native memory allocation (malloc) failed to allocate 62256 bytes. Error detail: Chunk::new
# Possible reasons:
#   The system is out of physical RAM or swap space
#   This process is running with CompressedOops enabled, and the Java Heap may be blocking the growth of the native heap
# Possible solutions:
#   Reduce memory load on the system
#   Increase physical memory or swap space
#   Check if swap backing store is full
#   Decrease Java heap size (-Xmx/-Xms)
#   Decrease number of Java threads
#   Decrease Java thread stack sizes (-Xss)
#   Set larger code cache with -XX:ReservedCodeCacheSize=
#   JVM is running with Unscaled Compressed Oops mode in which the Java heap is
#     placed in the first 4GB address space. The Java Heap base address is the
#     maximum limit for the native heap growth. Please use -XX:HeapBaseMinAddress
#     to set the Java Heap base and to place the Java Heap above 4GB virtual address.
# This output file may be truncated or incomplete.
#
#  Out of Memory Error (arena.cpp:168), pid=4908, tid=11168
#
# JRE version: OpenJDK Runtime Environment (21.0.5) (build 21.0.5+-12932927-b750.29)
# Java VM: OpenJDK 64-Bit Server VM (21.0.5+-12932927-b750.29, mixed mode, tiered, compressed oops, compressed class ptrs, g1 gc, windows-amd64)
# No core dump will be written. Minidumps are not enabled by default on client versions of Windows
#

---------------  S U M M A R Y ------------

Command Line: org.jetbrains.kotlin.cli.jvm.K2JVMCompiler @C:\Users\user\AndroidStudioProjects\heatwafe22\app\build\20250427_3447634257705617673.compiler.options

Host: AMD Ryzen 5 5500U with Radeon Graphics         , 12 cores, 7G,  Windows 11 , 64 bit Build 22621 (10.0.22621.5124)
Time: Sun Apr 27 10:29:46 2025 SE Asia Standard Time elapsed time: 3.854454 seconds (0d 0h 0m 3s)

---------------  T H R E A D  ---------------

Current thread (0x00000210a6dbd110):  JavaThread "C2 CompilerThread1" daemon [_thread_in_native, id=11168, stack(0x000000a1bb300000,0x000000a1bb400000) (1024K)]


Current CompileTask:
C2:3854 4417       4       java.util.HashSet::add (20 bytes)

Stack: [0x000000a1bb300000,0x000000a1bb400000]
Native frames: (J=compiled Java code, j=interpreted, Vv=VM code, C=native code)
V  [jvm.dll+0x6cfb29]
V  [jvm.dll+0x85ded3]
V  [jvm.dll+0x86042e]
V  [jvm.dll+0x860b13]
V  [jvm.dll+0x27e6b6]
V  [jvm.dll+0xbff6d]
V  [jvm.dll+0xc04a3]
V  [jvm.dll+0x5da7c5]
V  [jvm.dll+0x381fc6]
V  [jvm.dll+0x38140a]
V  [jvm.dll+0x247c62]
V  [jvm.dll+0x247231]
V  [jvm.dll+0x1c5ee4]
V  [jvm.dll+0x25697c]
V  [jvm.dll+0x254ec6]
V  [jvm.dll+0x3f0ce6]
V  [jvm.dll+0x806368]
V  [jvm.dll+0x6ce3fd]
C  [ucrtbase.dll+0x29333]
C  [KERNEL32.DLL+0x1259d]
C  [ntdll.dll+0x5af38]


---------------  P R O C E S S  ---------------

Threads class SMR info:
_java_thread_list=0x00000210a6c7a5b0, length=12, elements={
0x000002108d11d9d0, 0x00000210a6bce250, 0x00000210a6bcef60, 0x00000210a6bfe370,
0x00000210a6bff500, 0x00000210a6c1d750, 0x00000210a6c1b790, 0x00000210a6c2ced0,
0x00000210a6c2df90, 0x00000210a6c1be20, 0x00000210a6c1c4b0, 0x00000210a6dbd110
}

Java Threads: ( => current thread )
  0x000002108d11d9d0 JavaThread "main"                              [_thread_blocked, id=17832, stack(0x000000a1ba100000,0x000000a1ba200000) (1024K)]
  0x00000210a6bce250 JavaThread "Reference Handler"          daemon [_thread_blocked, id=6636, stack(0x000000a1ba900000,0x000000a1baa00000) (1024K)]
  0x00000210a6bcef60 JavaThread "Finalizer"                  daemon [_thread_blocked, id=3576, stack(0x000000a1baa00000,0x000000a1bab00000) (1024K)]
  0x00000210a6bfe370 JavaThread "Signal Dispatcher"          daemon [_thread_blocked, id=25476, stack(0x000000a1bab00000,0x000000a1bac00000) (1024K)]
  0x00000210a6bff500 JavaThread "Attach Listener"            daemon [_thread_blocked, id=23168, stack(0x000000a1bac00000,0x000000a1bad00000) (1024K)]
  0x00000210a6c1d750 JavaThread "Service Thread"             daemon [_thread_blocked, id=25304, stack(0x000000a1bad00000,0x000000a1bae00000) (1024K)]
  0x00000210a6c1b790 JavaThread "Monitor Deflation Thread"   daemon [_thread_blocked, id=19548, stack(0x000000a1bae00000,0x000000a1baf00000) (1024K)]
  0x00000210a6c2ced0 JavaThread "C2 CompilerThread0"         daemon [_thread_blocked, id=25320, stack(0x000000a1baf00000,0x000000a1bb000000) (1024K)]
  0x00000210a6c2df90 JavaThread "C1 CompilerThread0"         daemon [_thread_blocked, id=24888, stack(0x000000a1bb000000,0x000000a1bb100000) (1024K)]
  0x00000210a6c1be20 JavaThread "Notification Thread"        daemon [_thread_blocked, id=19640, stack(0x000000a1bb100000,0x000000a1bb200000) (1024K)]
  0x00000210a6c1c4b0 JavaThread "Common-Cleaner"             daemon [_thread_blocked, id=22820, stack(0x000000a1bb200000,0x000000a1bb300000) (1024K)]
=>0x00000210a6dbd110 JavaThread "C2 CompilerThread1"         daemon [_thread_in_native, id=11168, stack(0x000000a1bb300000,0x000000a1bb400000) (1024K)]
Total: 12

Other Threads:
  0x00000210a6a3dc80 VMThread "VM Thread"                           [id=18648, stack(0x000000a1ba800000,0x000000a1ba900000) (1024K)]
  0x00000210a69e0950 WatcherThread "VM Periodic Task Thread"        [id=20768, stack(0x000000a1ba700000,0x000000a1ba800000) (1024K)]
  0x000002108f2a9af0 WorkerThread "GC Thread#0"                     [id=8548, stack(0x000000a1ba200000,0x000000a1ba300000) (1024K)]
  0x00000210ab6b7080 WorkerThread "GC Thread#1"                     [id=14516, stack(0x000000a1bb400000,0x000000a1bb500000) (1024K)]
  0x00000210ab726190 WorkerThread "GC Thread#2"                     [id=24660, stack(0x000000a1bb500000,0x000000a1bb600000) (1024K)]
  0x00000210ab726530 WorkerThread "GC Thread#3"                     [id=7484, stack(0x000000a1bb600000,0x000000a1bb700000) (1024K)]
  0x00000210ab7268d0 WorkerThread "GC Thread#4"                     [id=4204, stack(0x000000a1bb700000,0x000000a1bb800000) (1024K)]
  0x00000210ab4ba360 WorkerThread "GC Thread#5"                     [id=13412, stack(0x000000a1bb800000,0x000000a1bb900000) (1024K)]
  0x00000210aba10e70 WorkerThread "GC Thread#6"                     [id=2472, stack(0x000000a1bb900000,0x000000a1bba00000) (1024K)]
  0x00000210aba12090 WorkerThread "GC Thread#7"                     [id=19704, stack(0x000000a1bba00000,0x000000a1bbb00000) (1024K)]
  0x00000210aba12430 WorkerThread "GC Thread#8"                     [id=18688, stack(0x000000a1bbb00000,0x000000a1bbc00000) (1024K)]
  0x00000210abfd4770 WorkerThread "GC Thread#9"                     [id=9316, stack(0x000000a1bbe00000,0x000000a1bbf00000) (1024K)]
  0x000002108f2b9d60 ConcurrentGCThread "G1 Main Marker"            [id=22924, stack(0x000000a1ba300000,0x000000a1ba400000) (1024K)]
  0x000002108f2ba9d0 WorkerThread "G1 Conc#0"                       [id=4992, stack(0x000000a1ba400000,0x000000a1ba500000) (1024K)]
  0x00000210aba11210 WorkerThread "G1 Conc#1"                       [id=14284, stack(0x000000a1bbc00000,0x000000a1bbd00000) (1024K)]
  0x00000210aba11950 WorkerThread "G1 Conc#2"                       [id=20856, stack(0x000000a1bbd00000,0x000000a1bbe00000) (1024K)]
  0x000002108f31e7b0 ConcurrentGCThread "G1 Refine#0"               [id=7388, stack(0x000000a1ba500000,0x000000a1ba600000) (1024K)]
  0x00000210a68b54e0 ConcurrentGCThread "G1 Service"                [id=12260, stack(0x000000a1ba600000,0x000000a1ba700000) (1024K)]
Total: 18

Threads with active compile tasks:
C2 CompilerThread0  3870 4442       4       org.jetbrains.kotlin.fir.resolve.TypeExpansionUtilsKt::fullyExpandedType (97 bytes)
C2 CompilerThread1  3870 4417       4       java.util.HashSet::add (20 bytes)
Total: 2

VM state: at safepoint (normal execution)

VM Mutex/Monitor currently owned by a thread:  ([mutex/lock_event])
[0x00007ff8e160d360] Threads_lock - owner thread: 0x00000210a6a3dc80
[0x00007ff8e160d460] Heap_lock - owner thread: 0x000002108d11d9d0

Heap address: 0x000000008ac00000, size: 1876 MB, Compressed Oops mode: 32-bit

CDS archive(s) not mapped
Compressed class space mapped at: 0x0000000100000000-0x0000000140000000, reserved size: 1073741824
Narrow klass base: 0x0000000000000000, Narrow klass shift: 3, Narrow klass range: 0x140000000

GC Precious Log:
 CardTable entry size: 512
 Card Set container configuration: InlinePtr #cards 5 size 8 Array Of Cards #cards 12 size 40 Howl #buckets 4 coarsen threshold 1843 Howl Bitmap #cards 512 size 80 coarsen threshold 460 Card regions per heap region 1 cards per card region 2048
 CPUs: 12 total, 12 available
 Memory: 7502M
 Large Page Support: Disabled
 NUMA Support: Disabled
 Compressed Oops: Enabled (32-bit)
 Heap Region Size: 1M
 Heap Min Capacity: 8M
 Heap Initial Capacity: 118M
 Heap Max Capacity: 1876M
 Pre-touch: Disabled
 Parallel Workers: 10
 Concurrent Workers: 3
 Concurrent Refinement Workers: 10
 Periodic GC: Disabled

Heap:
 garbage-first heap   total 87040K, used 70325K [0x000000008ac00000, 0x0000000100000000)
  region size 1024K, 28 young (28672K), 4 survivors (4096K)
 Metaspace       used 49871K, committed 50176K, reserved 1114112K
  class space    used 5742K, committed 5888K, reserved 1048576K

Heap Regions: E=young(eden), S=young(survivor), O=old, HS=humongous(starts), HC=humongous(continues), CS=collection set, F=free, TAMS=top-at-mark-start, PB=parsable bottom
|   0|0x000000008ac00000, 0x000000008ad00000, 0x000000008ad00000|100%|HS|  |TAMS 0x000000008ac00000| PB 0x000000008ac00000| Complete 
|   1|0x000000008ad00000, 0x000000008ae00000, 0x000000008ae00000|100%|HC|  |TAMS 0x000000008ad00000| PB 0x000000008ad00000| Complete 
|   2|0x000000008ae00000, 0x000000008af00000, 0x000000008af00000|100%|HC|  |TAMS 0x000000008ae00000| PB 0x000000008ae00000| Complete 
|   3|0x000000008af00000, 0x000000008b000000, 0x000000008b000000|100%| O|  |TAMS 0x000000008af00000| PB 0x000000008af00000| Untracked 
|   4|0x000000008b000000, 0x000000008b100000, 0x000000008b100000|100%| O|  |TAMS 0x000000008b000000| PB 0x000000008b000000| Untracked 
|   5|0x000000008b100000, 0x000000008b200000, 0x000000008b200000|100%| O|  |TAMS 0x000000008b100000| PB 0x000000008b100000| Untracked 
|   6|0x000000008b200000, 0x000000008b300000, 0x000000008b300000|100%| O|  |TAMS 0x000000008b200000| PB 0x000000008b200000| Untracked 
|   7|0x000000008b300000, 0x000000008b400000, 0x000000008b400000|100%| O|  |TAMS 0x000000008b300000| PB 0x000000008b300000| Untracked 
|   8|0x000000008b400000, 0x000000008b500000, 0x000000008b500000|100%| O|  |TAMS 0x000000008b400000| PB 0x000000008b400000| Untracked 
|   9|0x000000008b500000, 0x000000008b600000, 0x000000008b600000|100%| O|  |TAMS 0x000000008b500000| PB 0x000000008b500000| Untracked 
|  10|0x000000008b600000, 0x000000008b700000, 0x000000008b700000|100%| O|  |TAMS 0x000000008b600000| PB 0x000000008b600000| Untracked 
|  11|0x000000008b700000, 0x000000008b800000, 0x000000008b800000|100%| O|  |TAMS 0x000000008b700000| PB 0x000000008b700000| Untracked 
|  12|0x000000008b800000, 0x000000008b900000, 0x000000008b900000|100%| O|  |TAMS 0x000000008b800000| PB 0x000000008b800000| Untracked 
|  13|0x000000008b900000, 0x000000008ba00000, 0x000000008ba00000|100%| O|  |TAMS 0x000000008b900000| PB 0x000000008b900000| Untracked 
|  14|0x000000008ba00000, 0x000000008bb00000, 0x000000008bb00000|100%| O|  |TAMS 0x000000008ba00000| PB 0x000000008ba00000| Untracked 
|  15|0x000000008bb00000, 0x000000008bc00000, 0x000000008bc00000|100%| O|  |TAMS 0x000000008bb00000| PB 0x000000008bb00000| Untracked 
|  16|0x000000008bc00000, 0x000000008bd00000, 0x000000008bd00000|100%| O|  |TAMS 0x000000008bc00000| PB 0x000000008bc00000| Untracked 
|  17|0x000000008bd00000, 0x000000008be00000, 0x000000008be00000|100%| O|  |TAMS 0x000000008bd00000| PB 0x000000008bd00000| Untracked 
|  18|0x000000008be00000, 0x000000008bf00000, 0x000000008bf00000|100%| O|  |TAMS 0x000000008be00000| PB 0x000000008be00000| Untracked 
|  19|0x000000008bf00000, 0x000000008c000000, 0x000000008c000000|100%| O|  |TAMS 0x000000008bf00000| PB 0x000000008bf00000| Untracked 
|  20|0x000000008c000000, 0x000000008c100000, 0x000000008c100000|100%| O|  |TAMS 0x000000008c000000| PB 0x000000008c000000| Untracked 
|  21|0x000000008c100000, 0x000000008c200000, 0x000000008c200000|100%| O|  |TAMS 0x000000008c100000| PB 0x000000008c100000| Untracked 
|  22|0x000000008c200000, 0x000000008c300000, 0x000000008c300000|100%| O|  |TAMS 0x000000008c200000| PB 0x000000008c200000| Untracked 
|  23|0x000000008c300000, 0x000000008c400000, 0x000000008c400000|100%| O|  |TAMS 0x000000008c300000| PB 0x000000008c300000| Untracked 
|  24|0x000000008c400000, 0x000000008c500000, 0x000000008c500000|100%| O|CS|TAMS 0x000000008c400000| PB 0x000000008c400000| Complete 
|  25|0x000000008c500000, 0x000000008c600000, 0x000000008c600000|100%| O|  |TAMS 0x000000008c500000| PB 0x000000008c500000| Untracked 
|  26|0x000000008c600000, 0x000000008c700000, 0x000000008c700000|100%| O|  |TAMS 0x000000008c600000| PB 0x000000008c600000| Untracked 
|  27|0x000000008c700000, 0x000000008c800000, 0x000000008c800000|100%| O|  |TAMS 0x000000008c700000| PB 0x000000008c700000| Untracked 
|  28|0x000000008c800000, 0x000000008c900000, 0x000000008c900000|100%| O|  |TAMS 0x000000008c800000| PB 0x000000008c800000| Untracked 
|  29|0x000000008c900000, 0x000000008ca00000, 0x000000008ca00000|100%| O|  |TAMS 0x000000008c900000| PB 0x000000008c900000| Untracked 
|  30|0x000000008ca00000, 0x000000008cb00000, 0x000000008cb00000|100%| O|  |TAMS 0x000000008ca00000| PB 0x000000008ca00000| Untracked 
|  31|0x000000008cb00000, 0x000000008cc00000, 0x000000008cc00000|100%| O|  |TAMS 0x000000008cb00000| PB 0x000000008cb00000| Untracked 
|  32|0x000000008cc00000, 0x000000008cd00000, 0x000000008cd00000|100%| O|  |TAMS 0x000000008cc00000| PB 0x000000008cc00000| Untracked 
|  33|0x000000008cd00000, 0x000000008ce00000, 0x000000008ce00000|100%| O|  |TAMS 0x000000008cd00000| PB 0x000000008cd00000| Untracked 
|  34|0x000000008ce00000, 0x000000008cf00000, 0x000000008cf00000|100%| O|  |TAMS 0x000000008ce00000| PB 0x000000008ce00000| Untracked 
|  35|0x000000008cf00000, 0x000000008d000000, 0x000000008d000000|100%|HS|  |TAMS 0x000000008cf00000| PB 0x000000008cf00000| Complete 
|  36|0x000000008d000000, 0x000000008d100000, 0x000000008d100000|100%| O|  |TAMS 0x000000008d000000| PB 0x000000008d000000| Untracked 
|  37|0x000000008d100000, 0x000000008d200000, 0x000000008d200000|100%| O|  |TAMS 0x000000008d100000| PB 0x000000008d100000| Untracked 
|  38|0x000000008d200000, 0x000000008d300000, 0x000000008d300000|100%| O|  |TAMS 0x000000008d200000| PB 0x000000008d200000| Untracked 
|  39|0x000000008d300000, 0x000000008d400000, 0x000000008d400000|100%| O|  |TAMS 0x000000008d300000| PB 0x000000008d300000| Untracked 
|  40|0x000000008d400000, 0x000000008d500000, 0x000000008d500000|100%| O|  |TAMS 0x000000008d400000| PB 0x000000008d400000| Untracked 
|  41|0x000000008d500000, 0x000000008d600000, 0x000000008d600000|100%| O|  |TAMS 0x000000008d500000| PB 0x000000008d500000| Untracked 
|  42|0x000000008d600000, 0x000000008d700000, 0x000000008d700000|100%| O|  |TAMS 0x000000008d600000| PB 0x000000008d600000| Untracked 
|  43|0x000000008d700000, 0x000000008d800000, 0x000000008d800000|100%| O|  |TAMS 0x000000008d700000| PB 0x000000008d700000| Untracked 
|  44|0x000000008d800000, 0x000000008d900000, 0x000000008d900000|100%| O|  |TAMS 0x000000008d800000| PB 0x000000008d800000| Untracked 
|  45|0x000000008d900000, 0x000000008d900000, 0x000000008da00000|  0%| F|  |TAMS 0x000000008d900000| PB 0x000000008d900000| Untracked 
|  46|0x000000008da00000, 0x000000008da00000, 0x000000008db00000|  0%| F|  |TAMS 0x000000008da00000| PB 0x000000008da00000| Untracked 
|  47|0x000000008db00000, 0x000000008dc00000, 0x000000008dc00000|100%| O|  |TAMS 0x000000008db00000| PB 0x000000008db00000| Untracked 
|  48|0x000000008dc00000, 0x000000008dc00000, 0x000000008dd00000|  0%| F|  |TAMS 0x000000008dc00000| PB 0x000000008dc00000| Untracked 
|  49|0x000000008dd00000, 0x000000008dd00000, 0x000000008de00000|  0%| F|  |TAMS 0x000000008dd00000| PB 0x000000008dd00000| Untracked 
|  50|0x000000008de00000, 0x000000008de00000, 0x000000008df00000|  0%| F|  |TAMS 0x000000008de00000| PB 0x000000008de00000| Untracked 
|  51|0x000000008df00000, 0x000000008df00000, 0x000000008e000000|  0%| F|  |TAMS 0x000000008df00000| PB 0x000000008df00000| Untracked 
|  52|0x000000008e000000, 0x000000008e000000, 0x000000008e100000|  0%| F|  |TAMS 0x000000008e000000| PB 0x000000008e000000| Untracked 
|  53|0x000000008e100000, 0x000000008e100000, 0x000000008e200000|  0%| F|  |TAMS 0x000000008e100000| PB 0x000000008e100000| Untracked 
|  54|0x000000008e200000, 0x000000008e300000, 0x000000008e300000|100%| S|CS|TAMS 0x000000008e200000| PB 0x000000008e200000| Complete 
|  55|0x000000008e300000, 0x000000008e400000, 0x000000008e400000|100%| S|CS|TAMS 0x000000008e300000| PB 0x000000008e300000| Complete 
|  56|0x000000008e400000, 0x000000008e500000, 0x000000008e500000|100%| S|CS|TAMS 0x000000008e400000| PB 0x000000008e400000| Complete 
|  57|0x000000008e500000, 0x000000008e600000, 0x000000008e600000|100%| S|CS|TAMS 0x000000008e500000| PB 0x000000008e500000| Complete 
|  58|0x000000008e600000, 0x000000008e600000, 0x000000008e700000|  0%| F|  |TAMS 0x000000008e600000| PB 0x000000008e600000| Untracked 
|  59|0x000000008e700000, 0x000000008e700000, 0x000000008e800000|  0%| F|  |TAMS 0x000000008e700000| PB 0x000000008e700000| Untracked 
|  60|0x000000008e800000, 0x000000008e800000, 0x000000008e900000|  0%| F|  |TAMS 0x000000008e800000| PB 0x000000008e800000| Untracked 
|  61|0x000000008e900000, 0x000000008e900000, 0x000000008ea00000|  0%| F|  |TAMS 0x000000008e900000| PB 0x000000008e900000| Untracked 
|  62|0x000000008ea00000, 0x000000008ea00000, 0x000000008eb00000|  0%| F|  |TAMS 0x000000008ea00000| PB 0x000000008ea00000| Untracked 
|  63|0x000000008eb00000, 0x000000008eb00000, 0x000000008ec00000|  0%| F|  |TAMS 0x000000008eb00000| PB 0x000000008eb00000| Untracked 
|  64|0x000000008ec00000, 0x000000008ec00000, 0x000000008ed00000|  0%| F|  |TAMS 0x000000008ec00000| PB 0x000000008ec00000| Untracked 
|  65|0x000000008ed00000, 0x000000008ed00000, 0x000000008ee00000|  0%| F|  |TAMS 0x000000008ed00000| PB 0x000000008ed00000| Untracked 
|  66|0x000000008ee00000, 0x000000008ee00000, 0x000000008ef00000|  0%| F|  |TAMS 0x000000008ee00000| PB 0x000000008ee00000| Untracked 
|  67|0x000000008ef00000, 0x000000008ef00000, 0x000000008f000000|  0%| F|  |TAMS 0x000000008ef00000| PB 0x000000008ef00000| Untracked 
|  68|0x000000008f000000, 0x000000008f000000, 0x000000008f100000|  0%| F|  |TAMS 0x000000008f000000| PB 0x000000008f000000| Untracked 
|  69|0x000000008f100000, 0x000000008f100000, 0x000000008f200000|  0%| F|  |TAMS 0x000000008f100000| PB 0x000000008f100000| Untracked 
|  70|0x000000008f200000, 0x000000008f200000, 0x000000008f300000|  0%| F|  |TAMS 0x000000008f200000| PB 0x000000008f200000| Untracked 
|  71|0x000000008f300000, 0x000000008f300000, 0x000000008f400000|  0%| F|  |TAMS 0x000000008f300000| PB 0x000000008f300000| Untracked 
|  72|0x000000008f400000, 0x000000008f400000, 0x000000008f500000|  0%| F|  |TAMS 0x000000008f400000| PB 0x000000008f400000| Untracked 
|  73|0x000000008f500000, 0x000000008f500000, 0x000000008f600000|  0%| F|  |TAMS 0x000000008f500000| PB 0x000000008f500000| Untracked 
|  74|0x000000008f600000, 0x000000008f600000, 0x000000008f700000|  0%| F|  |TAMS 0x000000008f600000| PB 0x000000008f600000| Untracked 
|  75|0x000000008f700000, 0x000000008f700000, 0x000000008f800000|  0%| F|  |TAMS 0x000000008f700000| PB 0x000000008f700000| Untracked 
|  76|0x000000008f800000, 0x000000008f800000, 0x000000008f900000|  0%| F|  |TAMS 0x000000008f800000| PB 0x000000008f800000| Untracked 
|  77|0x000000008f900000, 0x000000008f900000, 0x000000008fa00000|  0%| F|  |TAMS 0x000000008f900000| PB 0x000000008f900000| Untracked 
|  78|0x000000008fa00000, 0x000000008fa00000, 0x000000008fb00000|  0%| F|  |TAMS 0x000000008fa00000| PB 0x000000008fa00000| Untracked 
|  79|0x000000008fb00000, 0x000000008fb00000, 0x000000008fc00000|  0%| F|  |TAMS 0x000000008fb00000| PB 0x000000008fb00000| Untracked 
|  80|0x000000008fc00000, 0x000000008fc00000, 0x000000008fd00000|  0%| F|  |TAMS 0x000000008fc00000| PB 0x000000008fc00000| Untracked 
|  97|0x0000000090d00000, 0x0000000090d00000, 0x0000000090e00000|  0%| F|  |TAMS 0x0000000090d00000| PB 0x0000000090d00000| Untracked 
| 117|0x0000000092100000, 0x0000000092147ad8, 0x0000000092200000| 27%| E|  |TAMS 0x0000000092100000| PB 0x0000000092100000| Complete 
|1874|0x00000000ffe00000, 0x00000000fff00000, 0x00000000fff00000|100%| O|  |TAMS 0x00000000ffe00000| PB 0x00000000ffe00000| Untracked 
|1875|0x00000000fff00000, 0x0000000100000000, 0x0000000100000000|100%| O|  |TAMS 0x00000000fff00000| PB 0x00000000fff00000| Untracked 

Card table byte_map: [0x00000210a1cc0000,0x00000210a2070000] _byte_map_base: 0x00000210a186a000

Marking Bits: (CMBitMap*) 0x000002108f2aaa00
 Bits: [0x00000210a2070000, 0x00000210a3dc0000)

Polling page: 0x000002108d260000

Metaspace:

Usage:
  Non-class:     43.10 MB used.
      Class:      5.61 MB used.
       Both:     48.70 MB used.

Virtual space:
  Non-class space:       64.00 MB reserved,      43.25 MB ( 68%) committed,  1 nodes.
      Class space:        1.00 GB reserved,       5.75 MB ( <1%) committed,  1 nodes.
             Both:        1.06 GB reserved,      49.00 MB (  5%) committed. 

Chunk freelists:
   Non-Class:  4.06 MB
       Class:  10.09 MB
        Both:  14.16 MB

MaxMetaspaceSize: unlimited
CompressedClassSpaceSize: 1.00 GB
Initial GC threshold: 21.00 MB
Current GC threshold: 80.88 MB
CDS: off
 - commit_granule_bytes: 65536.
 - commit_granule_words: 8192.
 - virtual_space_node_default_size: 8388608.
 - enlarge_chunks_in_place: 1.
 - use_allocation_guard: 0.


Internal statistics:

num_allocs_failed_limit: 6.
num_arena_births: 260.
num_arena_deaths: 0.
num_vsnodes_births: 2.
num_vsnodes_deaths: 0.
num_space_committed: 784.
num_space_uncommitted: 0.
num_chunks_returned_to_freelist: 6.
num_chunks_taken_from_freelist: 1740.
num_chunk_merges: 6.
num_chunk_splits: 1402.
num_chunks_enlarged: 1263.
num_inconsistent_stats: 0.

CodeHeap 'non-profiled nmethods': size=120000Kb used=1897Kb max_used=1897Kb free=118102Kb
 bounds [0x0000021099e80000, 0x000002109a0f0000, 0x00000210a13b0000]
CodeHeap 'profiled nmethods': size=120000Kb used=9134Kb max_used=9134Kb free=110865Kb
 bounds [0x00000210923b0000, 0x0000021092ca0000, 0x00000210998e0000]
CodeHeap 'non-nmethods': size=5760Kb used=1584Kb max_used=1663Kb free=4175Kb
 bounds [0x00000210998e0000, 0x0000021099b50000, 0x0000021099e80000]
 total_blobs=4710 nmethods=4057 adapters=557
 compilation: enabled
              stopped_count=0, restarted_count=0
 full_count=0

Compilation events (20 events):
Event: 3.847 Thread 0x00000210a6c2df90 nmethod 4436 0x000002109a057a10 code [0x000002109a057ba0, 0x000002109a057c68]
Event: 3.847 Thread 0x00000210a6c2df90 4427       3       org.jetbrains.kotlin.fir.MutableOrEmptyList::getSize (8 bytes)
Event: 3.848 Thread 0x00000210a6c2df90 nmethod 4427 0x0000021092c94210 code [0x0000021092c943e0, 0x0000021092c94678]
Event: 3.848 Thread 0x00000210a6c2df90 4428       3       org.jetbrains.kotlin.fir.MutableOrEmptyList::getSize-impl (16 bytes)
Event: 3.848 Thread 0x00000210a6c2df90 nmethod 4428 0x0000021092c94790 code [0x0000021092c94940, 0x0000021092c94b58]
Event: 3.848 Thread 0x00000210a6c2df90 4432       1       org.jetbrains.kotlin.fir.declarations.impl.FirTypeParameterImpl::getBounds-5e3fPpI (5 bytes)
Event: 3.848 Thread 0x00000210a6c2df90 nmethod 4432 0x000002109a057d10 code [0x000002109a057ea0, 0x000002109a057f68]
Event: 3.848 Thread 0x00000210a6c2df90 4435       1       org.jetbrains.kotlin.fir.expressions.impl.FirFunctionCallImpl::getConeTypeOrNull (5 bytes)
Event: 3.848 Thread 0x00000210a6c2ced0 nmethod 4437 0x000002109a058010 code [0x000002109a0581a0, 0x000002109a0583a0]
Event: 3.848 Thread 0x00000210a6c2ced0 4438       4       org.jetbrains.kotlin.fir.symbols.FirBasedSymbol::getFir (129 bytes)
Event: 3.848 Thread 0x00000210a6c2df90 nmethod 4435 0x000002109a058490 code [0x000002109a058620, 0x000002109a0586e8]
Event: 3.848 Thread 0x00000210a6c2df90 4430       1       org.jetbrains.kotlin.fir.declarations.FirTowerDataContext::getLocalScopes (5 bytes)
Event: 3.848 Thread 0x00000210a6c2df90 nmethod 4430 0x000002109a058790 code [0x000002109a058920, 0x000002109a0589e8]
Event: 3.848 Thread 0x00000210a6c2df90 4429       1       org.jetbrains.kotlin.fir.resolve.dfa.DataFlowAnalyzerContext::getVariableStorage (5 bytes)
Event: 3.848 Thread 0x00000210a6c2df90 nmethod 4429 0x000002109a058a90 code [0x000002109a058c20, 0x000002109a058ce8]
Event: 3.848 Thread 0x00000210a6c2df90 4433       1       org.jetbrains.kotlin.fir.references.impl.FirResolvedNamedReferenceImpl::getResolvedSymbol (5 bytes)
Event: 3.848 Thread 0x00000210a6c2df90 nmethod 4433 0x000002109a058d90 code [0x000002109a058f20, 0x000002109a058fe8]
Event: 3.848 Thread 0x00000210a6c2ced0 nmethod 4438 0x000002109a059090 code [0x000002109a059220, 0x000002109a0592d0]
Event: 3.848 Thread 0x00000210a6c2df90 4439       3       org.jetbrains.kotlin.fir.types.ConeTypeContext::supertypes (396 bytes)
Event: 3.849 Thread 0x00000210a6c2ced0 4442       4       org.jetbrains.kotlin.fir.resolve.TypeExpansionUtilsKt::fullyExpandedType (97 bytes)

GC Heap History (20 events):
Event: 1.284 GC heap before
{Heap before GC invocations=5 (full 0):
 garbage-first heap   total 33792K, used 26112K [0x000000008ac00000, 0x0000000100000000)
  region size 1024K, 11 young (11264K), 2 survivors (2048K)
 Metaspace       used 25872K, committed 26112K, reserved 1114112K
  class space    used 2732K, committed 2816K, reserved 1048576K
}
Event: 1.287 GC heap after
{Heap after GC invocations=6 (full 0):
 garbage-first heap   total 33792K, used 17648K [0x000000008ac00000, 0x0000000100000000)
  region size 1024K, 1 young (1024K), 1 survivors (1024K)
 Metaspace       used 25872K, committed 26112K, reserved 1114112K
  class space    used 2732K, committed 2816K, reserved 1048576K
}
Event: 1.467 GC heap before
{Heap before GC invocations=7 (full 0):
 garbage-first heap   total 33792K, used 25840K [0x000000008ac00000, 0x0000000100000000)
  region size 1024K, 10 young (10240K), 1 survivors (1024K)
 Metaspace       used 29306K, committed 29504K, reserved 1114112K
  class space    used 3615K, committed 3712K, reserved 1048576K
}
Event: 1.469 GC heap after
{Heap after GC invocations=8 (full 0):
 garbage-first heap   total 52224K, used 18031K [0x000000008ac00000, 0x0000000100000000)
  region size 1024K, 2 young (2048K), 2 survivors (2048K)
 Metaspace       used 29306K, committed 29504K, reserved 1114112K
  class space    used 3615K, committed 3712K, reserved 1048576K
}
Event: 1.765 GC heap before
{Heap before GC invocations=8 (full 0):
 garbage-first heap   total 52224K, used 39535K [0x000000008ac00000, 0x0000000100000000)
  region size 1024K, 24 young (24576K), 2 survivors (2048K)
 Metaspace       used 34142K, committed 34368K, reserved 1114112K
  class space    used 4108K, committed 4224K, reserved 1048576K
}
Event: 1.771 GC heap after
{Heap after GC invocations=9 (full 0):
 garbage-first heap   total 52224K, used 19572K [0x000000008ac00000, 0x0000000100000000)
  region size 1024K, 3 young (3072K), 3 survivors (3072K)
 Metaspace       used 34142K, committed 34368K, reserved 1114112K
  class space    used 4108K, committed 4224K, reserved 1048576K
}
Event: 2.111 GC heap before
{Heap before GC invocations=9 (full 0):
 garbage-first heap   total 52224K, used 41076K [0x000000008ac00000, 0x0000000100000000)
  region size 1024K, 25 young (25600K), 3 survivors (3072K)
 Metaspace       used 40397K, committed 40640K, reserved 1114112K
  class space    used 4725K, committed 4864K, reserved 1048576K
}
Event: 2.116 GC heap after
{Heap after GC invocations=10 (full 0):
 garbage-first heap   total 52224K, used 20609K [0x000000008ac00000, 0x0000000100000000)
  region size 1024K, 3 young (3072K), 3 survivors (3072K)
 Metaspace       used 40397K, committed 40640K, reserved 1114112K
  class space    used 4725K, committed 4864K, reserved 1048576K
}
Event: 2.369 GC heap before
{Heap before GC invocations=10 (full 0):
 garbage-first heap   total 52224K, used 33921K [0x000000008ac00000, 0x0000000100000000)
  region size 1024K, 18 young (18432K), 3 survivors (3072K)
 Metaspace       used 43386K, committed 43648K, reserved 1114112K
  class space    used 5058K, committed 5184K, reserved 1048576K
}
Event: 2.375 GC heap after
{Heap after GC invocations=11 (full 0):
 garbage-first heap   total 52224K, used 21883K [0x000000008ac00000, 0x0000000100000000)
  region size 1024K, 3 young (3072K), 3 survivors (3072K)
 Metaspace       used 43386K, committed 43648K, reserved 1114112K
  class space    used 5058K, committed 5184K, reserved 1048576K
}
Event: 2.690 GC heap before
{Heap before GC invocations=12 (full 0):
 garbage-first heap   total 52224K, used 43387K [0x000000008ac00000, 0x0000000100000000)
  region size 1024K, 25 young (25600K), 3 survivors (3072K)
 Metaspace       used 45030K, committed 45312K, reserved 1114112K
  class space    used 5224K, committed 5376K, reserved 1048576K
}
Event: 2.701 GC heap after
{Heap after GC invocations=13 (full 0):
 garbage-first heap   total 64512K, used 27492K [0x000000008ac00000, 0x0000000100000000)
  region size 1024K, 4 young (4096K), 4 survivors (4096K)
 Metaspace       used 45030K, committed 45312K, reserved 1114112K
  class space    used 5224K, committed 5376K, reserved 1048576K
}
Event: 3.050 GC heap before
{Heap before GC invocations=13 (full 0):
 garbage-first heap   total 64512K, used 52068K [0x000000008ac00000, 0x0000000100000000)
  region size 1024K, 29 young (29696K), 4 survivors (4096K)
 Metaspace       used 48434K, committed 48704K, reserved 1114112K
  class space    used 5601K, committed 5760K, reserved 1048576K
}
Event: 3.062 GC heap after
{Heap after GC invocations=14 (full 0):
 garbage-first heap   total 64512K, used 32256K [0x000000008ac00000, 0x0000000100000000)
  region size 1024K, 4 young (4096K), 4 survivors (4096K)
 Metaspace       used 48434K, committed 48704K, reserved 1114112K
  class space    used 5601K, committed 5760K, reserved 1048576K
}
Event: 3.272 GC heap before
{Heap before GC invocations=14 (full 0):
 garbage-first heap   total 64512K, used 51712K [0x000000008ac00000, 0x0000000100000000)
  region size 1024K, 24 young (24576K), 4 survivors (4096K)
 Metaspace       used 49276K, committed 49536K, reserved 1114112K
  class space    used 5689K, committed 5824K, reserved 1048576K
}
Event: 3.282 GC heap after
{Heap after GC invocations=15 (full 0):
 garbage-first heap   total 64512K, used 37339K [0x000000008ac00000, 0x0000000100000000)
  region size 1024K, 3 young (3072K), 3 survivors (3072K)
 Metaspace       used 49276K, committed 49536K, reserved 1114112K
  class space    used 5689K, committed 5824K, reserved 1048576K
}
Event: 3.308 GC heap before
{Heap before GC invocations=15 (full 0):
 garbage-first heap   total 64512K, used 41435K [0x000000008ac00000, 0x0000000100000000)
  region size 1024K, 8 young (8192K), 3 survivors (3072K)
 Metaspace       used 49395K, committed 49664K, reserved 1114112K
  class space    used 5703K, committed 5824K, reserved 1048576K
}
Event: 3.314 GC heap after
{Heap after GC invocations=16 (full 0):
 garbage-first heap   total 64512K, used 39167K [0x000000008ac00000, 0x0000000100000000)
  region size 1024K, 2 young (2048K), 2 survivors (2048K)
 Metaspace       used 49395K, committed 49664K, reserved 1114112K
  class space    used 5703K, committed 5824K, reserved 1048576K
}
Event: 3.356 GC heap before
{Heap before GC invocations=17 (full 0):
 garbage-first heap   total 68608K, used 55551K [0x000000008ac00000, 0x0000000100000000)
  region size 1024K, 17 young (17408K), 2 survivors (2048K)
 Metaspace       used 49400K, committed 49664K, reserved 1114112K
  class space    used 5703K, committed 5824K, reserved 1048576K
}
Event: 3.362 GC heap after
{Heap after GC invocations=18 (full 0):
 garbage-first heap   total 87040K, used 45749K [0x000000008ac00000, 0x0000000100000000)
  region size 1024K, 3 young (3072K), 3 survivors (3072K)
 Metaspace       used 49400K, committed 49664K, reserved 1114112K
  class space    used 5703K, committed 5824K, reserved 1048576K
}

Dll operation events (3 events):
Event: 0.007 Loaded shared library C:\Program Files\Android\Android Studio\jbr\bin\java.dll
Event: 0.012 Loaded shared library C:\Program Files\Android\Android Studio\jbr\bin\zip.dll
Event: 0.890 Loaded shared library C:\Program Files\Android\Android Studio\jbr\bin\verify.dll

Deoptimization events (20 events):
Event: 3.713 Thread 0x000002108d11d9d0 Uncommon trap: trap_request=0xffffffde fr.pc=0x0000021099f87628 relative=0x00000000000014c8
Event: 3.713 Thread 0x000002108d11d9d0 Uncommon trap: reason=class_check action=maybe_recompile pc=0x0000021099f87628 method=org.jetbrains.org.objectweb.asm.ClassReader.readElementValue(Lorg/jetbrains/org/objectweb/asm/AnnotationVisitor;ILjava/lang/String;[C)I @ 466 c2
Event: 3.713 Thread 0x000002108d11d9d0 DEOPT PACKING pc=0x0000021099f87628 sp=0x000000a1ba1f81b0
Event: 3.713 Thread 0x000002108d11d9d0 DEOPT UNPACKING pc=0x00000210999346a2 sp=0x000000a1ba1f8120 mode 2
Event: 3.750 Thread 0x000002108d11d9d0 Uncommon trap: trap_request=0xffffffde fr.pc=0x0000021099f875e4 relative=0x0000000000001484
Event: 3.750 Thread 0x000002108d11d9d0 Uncommon trap: reason=class_check action=maybe_recompile pc=0x0000021099f875e4 method=org.jetbrains.org.objectweb.asm.ClassReader.readElementValue(Lorg/jetbrains/org/objectweb/asm/AnnotationVisitor;ILjava/lang/String;[C)I @ 556 c2
Event: 3.750 Thread 0x000002108d11d9d0 DEOPT PACKING pc=0x0000021099f875e4 sp=0x000000a1ba1f50e0
Event: 3.750 Thread 0x000002108d11d9d0 DEOPT UNPACKING pc=0x00000210999346a2 sp=0x000000a1ba1f5048 mode 2
Event: 3.755 Thread 0x000002108d11d9d0 Uncommon trap: trap_request=0xffffffde fr.pc=0x0000021099f875e4 relative=0x0000000000001484
Event: 3.755 Thread 0x000002108d11d9d0 Uncommon trap: reason=class_check action=maybe_recompile pc=0x0000021099f875e4 method=org.jetbrains.org.objectweb.asm.ClassReader.readElementValue(Lorg/jetbrains/org/objectweb/asm/AnnotationVisitor;ILjava/lang/String;[C)I @ 556 c2
Event: 3.755 Thread 0x000002108d11d9d0 DEOPT PACKING pc=0x0000021099f875e4 sp=0x000000a1ba1f4af0
Event: 3.755 Thread 0x000002108d11d9d0 DEOPT UNPACKING pc=0x00000210999346a2 sp=0x000000a1ba1f4a58 mode 2
Event: 3.755 Thread 0x000002108d11d9d0 Uncommon trap: trap_request=0xffffffde fr.pc=0x0000021099f875e4 relative=0x0000000000001484
Event: 3.755 Thread 0x000002108d11d9d0 Uncommon trap: reason=class_check action=maybe_recompile pc=0x0000021099f875e4 method=org.jetbrains.org.objectweb.asm.ClassReader.readElementValue(Lorg/jetbrains/org/objectweb/asm/AnnotationVisitor;ILjava/lang/String;[C)I @ 556 c2
Event: 3.755 Thread 0x000002108d11d9d0 DEOPT PACKING pc=0x0000021099f875e4 sp=0x000000a1ba1f4af0
Event: 3.755 Thread 0x000002108d11d9d0 DEOPT UNPACKING pc=0x00000210999346a2 sp=0x000000a1ba1f4a58 mode 2
Event: 3.783 Thread 0x000002108d11d9d0 Uncommon trap: trap_request=0xffffff6e fr.pc=0x0000021099fddec4 relative=0x00000000000004a4
Event: 3.783 Thread 0x000002108d11d9d0 Uncommon trap: reason=loop_limit_check action=maybe_recompile pc=0x0000021099fddec4 method=java.util.regex.Pattern$Start.match(Ljava/util/regex/Matcher;ILjava/lang/CharSequence;)Z @ 34 c2
Event: 3.783 Thread 0x000002108d11d9d0 DEOPT PACKING pc=0x0000021099fddec4 sp=0x000000a1ba1f4860
Event: 3.783 Thread 0x000002108d11d9d0 DEOPT UNPACKING pc=0x00000210999346a2 sp=0x000000a1ba1f47a0 mode 2

Classes loaded (20 events):
Event: 2.198 Loading class java/security/AccessControlException
Event: 2.198 Loading class java/security/AccessControlException done
Event: 2.205 Loading class java/lang/annotation/ElementType
Event: 2.205 Loading class java/lang/annotation/ElementType done
Event: 2.205 Loading class java/lang/Deprecated
Event: 2.206 Loading class java/lang/Deprecated done
Event: 2.206 Loading class java/lang/Override
Event: 2.206 Loading class java/lang/Override done
Event: 2.378 Loading class java/text/StringCharacterIterator
Event: 2.378 Loading class java/text/CharacterIterator
Event: 2.378 Loading class java/text/CharacterIterator done
Event: 2.378 Loading class java/text/StringCharacterIterator done
Event: 2.585 Loading class java/util/ArrayList$SubList$1
Event: 2.585 Loading class java/util/ArrayList$SubList$1 done
Event: 2.627 Loading class java/util/AbstractList$ListItr
Event: 2.627 Loading class java/util/AbstractList$ListItr done
Event: 2.934 Loading class java/util/AbstractList$SubList$1
Event: 2.934 Loading class java/util/AbstractList$SubList$1 done
Event: 3.163 Loading class java/util/AbstractMap$SimpleImmutableEntry
Event: 3.163 Loading class java/util/AbstractMap$SimpleImmutableEntry done

Classes unloaded (0 events):
No events

Classes redefined (0 events):
No events

Internal exceptions (20 events):
Event: 0.929 Thread 0x000002108d11d9d0 Exception <a 'java/lang/NoSuchMethodError'{0x000000008c0dee68}: 'void java.lang.invoke.DelegatingMethodHandle$Holder.delegate(java.lang.Object, java.lang.Object, int, java.lang.Object)'> (0x000000008c0dee68) 
thrown [s\src\hotspot\share\interpreter\linkResolver.cpp, line 784]
Event: 1.089 Thread 0x000002108d11d9d0 Exception <a 'java/lang/NoSuchMethodError'{0x000000008be17628}: 'java.lang.Object java.lang.invoke.DirectMethodHandle$Holder.invokeStatic(java.lang.Object, java.lang.Object, int, java.lang.Object)'> (0x000000008be17628) 
thrown [s\src\hotspot\share\interpreter\linkResolver.cpp, line 784]
Event: 1.634 Thread 0x000002108d11d9d0 Exception <a 'java/lang/NoSuchMethodError'{0x000000008d4dd730}: 'java.lang.Object java.lang.invoke.DirectMethodHandle$Holder.newInvokeSpecial(java.lang.Object, java.lang.Object, java.lang.Object, java.lang.Object, java.lang.Object, java.lang.Object, java.lang.Object)'> (0x000000008d4dd730) 
thrown [s\src\hotspot\share\interpreter\linkResolver.cpp, line 784]
Event: 1.812 Thread 0x000002108d11d9d0 Exception <a 'java/lang/NoSuchMethodError'{0x000000008dbb7a50}: 'java.lang.Object java.lang.invoke.DirectMethodHandle$Holder.invokeVirtual(java.lang.Object, java.lang.Object, java.lang.Object)'> (0x000000008dbb7a50) 
thrown [s\src\hotspot\share\interpreter\linkResolver.cpp, line 784]
Event: 1.844 Thread 0x000002108d11d9d0 Exception <a 'java/lang/NoSuchMethodError'{0x000000008d924a10}: 'java.lang.Object java.lang.invoke.DirectMethodHandle$Holder.newInvokeSpecial(java.lang.Object, java.lang.Object, int)'> (0x000000008d924a10) 
thrown [s\src\hotspot\share\interpreter\linkResolver.cpp, line 784]
Event: 1.947 Thread 0x000002108d11d9d0 Exception <a 'java/lang/NoSuchMethodError'{0x000000008d4c7108}: 'int java.lang.invoke.DirectMethodHandle$Holder.invokeStaticInit(java.lang.Object, int)'> (0x000000008d4c7108) 
thrown [s\src\hotspot\share\interpreter\linkResolver.cpp, line 784]
Event: 1.971 Thread 0x000002108d11d9d0 Implicit null exception at 0x0000021099f4d5da to 0x0000021099f4d6d8
Event: 2.286 Thread 0x000002108d11d9d0 Implicit null exception at 0x0000021099e9dcd7 to 0x0000021099e9e004
Event: 2.718 Thread 0x000002108d11d9d0 Exception <a 'java/lang/NoSuchMethodError'{0x0000000090d2e198}: 'java.lang.Object java.lang.invoke.DirectMethodHandle$Holder.invokeStaticInit(java.lang.Object, java.lang.Object, java.lang.Object, java.lang.Object)'> (0x0000000090d2e198) 
thrown [s\src\hotspot\share\interpreter\linkResolver.cpp, line 784]
Event: 2.820 Thread 0x000002108d11d9d0 Exception <a 'java/lang/NoSuchMethodError'{0x000000008e2f3530}: 'java.lang.Object java.lang.invoke.DirectMethodHandle$Holder.newInvokeSpecial(java.lang.Object, java.lang.Object, java.lang.Object, java.lang.Object, java.lang.Object, java.lang.Object)'> (0x000000008e2f3530) 
thrown [s\src\hotspot\share\interpreter\linkResolver.cpp, line 784]
Event: 2.977 Thread 0x000002108d11d9d0 Exception <a 'java/lang/NoSuchMethodError'{0x000000008d85c8a8}: 'java.lang.Object java.lang.invoke.DirectMethodHandle$Holder.newInvokeSpecial(java.lang.Object, java.lang.Object, java.lang.Object, java.lang.Object, int)'> (0x000000008d85c8a8) 
thrown [s\src\hotspot\share\interpreter\linkResolver.cpp, line 784]
Event: 2.977 Thread 0x000002108d11d9d0 Exception <a 'java/lang/NoSuchMethodError'{0x000000008d860cf0}: 'java.lang.Object java.lang.invoke.DirectMethodHandle$Holder.invokeSpecial(java.lang.Object, java.lang.Object, java.lang.Object, java.lang.Object, java.lang.Object, int)'> (0x000000008d860cf0) 
thrown [s\src\hotspot\share\interpreter\linkResolver.cpp, line 784]
Event: 2.978 Thread 0x000002108d11d9d0 Exception <a 'java/lang/NoSuchMethodError'{0x000000008d864a30}: 'java.lang.Object java.lang.invoke.Invokers$Holder.linkToTargetMethod(java.lang.Object, java.lang.Object, java.lang.Object, int, java.lang.Object)'> (0x000000008d864a30) 
thrown [s\src\hotspot\share\interpreter\linkResolver.cpp, line 784]
Event: 2.995 Thread 0x000002108d11d9d0 Exception <a 'java/lang/NoSuchMethodError'{0x000000008d8aa908}: 'java.lang.Object java.lang.invoke.DirectMethodHandle$Holder.newInvokeSpecial(java.lang.Object, java.lang.Object, java.lang.Object, java.lang.Object, int, java.lang.Object, java.lang.Object)'> (0x000000008d8aa908) 
thrown [s\src\hotspot\share\interpreter\linkResolver.cpp, line 784]
Event: 3.243 Thread 0x000002108d11d9d0 Exception <a 'java/lang/NoSuchMethodError'{0x000000008d6320c8}: 'java.lang.Object java.lang.invoke.DirectMethodHandle$Holder.newInvokeSpecial(java.lang.Object, java.lang.Object, java.lang.Object, java.lang.Object, java.lang.Object, java.lang.Object, java.lang.Object, java.lang.Object, java.lang.Object)'> (0x000000008d6320c8) 
thrown [s\src\hotspot\share\interpreter\linkResolver.cpp, line 784]
Event: 3.245 Thread 0x000002108d11d9d0 Exception <a 'java/lang/NoSuchMethodError'{0x000000008d6461d8}: 'java.lang.Object java.lang.invoke.DirectMethodHandle$Holder.newInvokeSpecial(java.lang.Object, java.lang.Object, java.lang.Object, int)'> (0x000000008d6461d8) 
thrown [s\src\hotspot\share\interpreter\linkResolver.cpp, line 784]
Event: 3.245 Thread 0x000002108d11d9d0 Exception <a 'java/lang/NoSuchMethodError'{0x000000008d64a058}: 'java.lang.Object java.lang.invoke.DirectMethodHandle$Holder.invokeSpecial(java.lang.Object, java.lang.Object, java.lang.Object, java.lang.Object, int)'> (0x000000008d64a058) 
thrown [s\src\hotspot\share\interpreter\linkResolver.cpp, line 784]
Event: 3.245 Thread 0x000002108d11d9d0 Exception <a 'java/lang/NoSuchMethodError'{0x000000008d64d7b0}: 'java.lang.Object java.lang.invoke.Invokers$Holder.linkToTargetMethod(java.lang.Object, java.lang.Object, int, java.lang.Object)'> (0x000000008d64d7b0) 
thrown [s\src\hotspot\share\interpreter\linkResolver.cpp, line 784]
Event: 3.247 Thread 0x000002108d11d9d0 Exception <a 'java/lang/NoSuchMethodError'{0x000000008d65cb80}: 'java.lang.Object java.lang.invoke.DirectMethodHandle$Holder.newInvokeSpecial(java.lang.Object, int, java.lang.Object)'> (0x000000008d65cb80) 
thrown [s\src\hotspot\share\interpreter\linkResolver.cpp, line 784]
Event: 3.256 Thread 0x000002108d11d9d0 Exception <a 'java/lang/NoSuchMethodError'{0x000000008d6bba20}: 'java.lang.Object java.lang.invoke.DirectMethodHandle$Holder.invokeStatic(java.lang.Object, int, java.lang.Object, java.lang.Object)'> (0x000000008d6bba20) 
thrown [s\src\hotspot\share\interpreter\linkResolver.cpp, line 784]

ZGC Phase Switch (0 events):
No events

VM Operations (20 events):
Event: 2.679 Executing VM operation: ICBufferFull
Event: 2.680 Executing VM operation: ICBufferFull done
Event: 2.690 Executing VM operation: G1CollectForAllocation (G1 Evacuation Pause)
Event: 2.701 Executing VM operation: G1CollectForAllocation (G1 Evacuation Pause) done
Event: 2.953 Executing VM operation: HandshakeAllThreads (Deoptimize)
Event: 2.953 Executing VM operation: HandshakeAllThreads (Deoptimize) done
Event: 2.991 Executing VM operation: ICBufferFull
Event: 2.991 Executing VM operation: ICBufferFull done
Event: 3.050 Executing VM operation: G1CollectForAllocation (G1 Evacuation Pause)
Event: 3.062 Executing VM operation: G1CollectForAllocation (G1 Evacuation Pause) done
Event: 3.272 Executing VM operation: G1CollectForAllocation (G1 Evacuation Pause)
Event: 3.282 Executing VM operation: G1CollectForAllocation (G1 Evacuation Pause) done
Event: 3.308 Executing VM operation: G1TryInitiateConcMark (G1 Humongous Allocation)
Event: 3.314 Executing VM operation: G1TryInitiateConcMark (G1 Humongous Allocation) done
Event: 3.337 Executing VM operation: G1PauseRemark
Event: 3.341 Executing VM operation: G1PauseRemark done
Event: 3.349 Executing VM operation: G1PauseCleanup
Event: 3.349 Executing VM operation: G1PauseCleanup done
Event: 3.355 Executing VM operation: G1CollectForAllocation (G1 Evacuation Pause)
Event: 3.362 Executing VM operation: G1CollectForAllocation (G1 Evacuation Pause) done

Memory protections (0 events):
No events

Nmethod flushes (20 events):
Event: 3.341 Thread 0x00000210a6a3dc80 flushing  nmethod 0x00000210926d1490
Event: 3.341 Thread 0x00000210a6a3dc80 flushing  nmethod 0x00000210926d1c10
Event: 3.341 Thread 0x00000210a6a3dc80 flushing  nmethod 0x00000210926d2510
Event: 3.341 Thread 0x00000210a6a3dc80 flushing  nmethod 0x00000210926d3010
Event: 3.341 Thread 0x00000210a6a3dc80 flushing  nmethod 0x00000210926d3990
Event: 3.341 Thread 0x00000210a6a3dc80 flushing  nmethod 0x00000210926d4010
Event: 3.341 Thread 0x00000210a6a3dc80 flushing  nmethod 0x00000210926d5010
Event: 3.341 Thread 0x00000210a6a3dc80 flushing  nmethod 0x00000210926d5890
Event: 3.341 Thread 0x00000210a6a3dc80 flushing  nmethod 0x00000210926d5d90
Event: 3.341 Thread 0x00000210a6a3dc80 flushing  nmethod 0x00000210926d6e90
Event: 3.341 Thread 0x00000210a6a3dc80 flushing  nmethod 0x00000210926da110
Event: 3.341 Thread 0x00000210a6a3dc80 flushing  nmethod 0x00000210926db210
Event: 3.341 Thread 0x00000210a6a3dc80 flushing  nmethod 0x00000210926f2f90
Event: 3.341 Thread 0x00000210a6a3dc80 flushing  nmethod 0x0000021092702c90
Event: 3.341 Thread 0x00000210a6a3dc80 flushing  nmethod 0x0000021092727e90
Event: 3.341 Thread 0x00000210a6a3dc80 flushing  nmethod 0x000002109272a790
Event: 3.341 Thread 0x00000210a6a3dc80 flushing  nmethod 0x0000021092738810
Event: 3.341 Thread 0x00000210a6a3dc80 flushing  nmethod 0x000002109274eb10
Event: 3.341 Thread 0x00000210a6a3dc80 flushing  nmethod 0x0000021092774e10
Event: 3.341 Thread 0x00000210a6a3dc80 flushing  nmethod 0x0000021092775d10

Events (16 events):
Event: 0.011 Thread 0x000002108d11d9d0 Thread added: 0x000002108d11d9d0
Event: 0.055 Thread 0x000002108d11d9d0 Thread added: 0x00000210a6bce250
Event: 0.055 Thread 0x000002108d11d9d0 Thread added: 0x00000210a6bcef60
Event: 0.056 Thread 0x000002108d11d9d0 Thread added: 0x00000210a6bfe370
Event: 0.056 Thread 0x000002108d11d9d0 Thread added: 0x00000210a6bff500
Event: 0.056 Thread 0x000002108d11d9d0 Thread added: 0x00000210a6c1d750
Event: 0.056 Thread 0x000002108d11d9d0 Thread added: 0x00000210a6c1b790
Event: 0.056 Thread 0x000002108d11d9d0 Thread added: 0x00000210a6c2ced0
Event: 0.056 Thread 0x000002108d11d9d0 Thread added: 0x00000210a6c2df90
Event: 0.090 Thread 0x000002108d11d9d0 Thread added: 0x00000210a6c1be20
Event: 0.095 Thread 0x000002108d11d9d0 Thread added: 0x00000210a6c1c4b0
Event: 0.102 Loaded shared library C:\Program Files\Android\Android Studio\jbr\bin\net.dll
Event: 0.104 Loaded shared library C:\Program Files\Android\Android Studio\jbr\bin\nio.dll
Event: 0.117 Thread 0x00000210a6c2ced0 Thread added: 0x00000210a6dbd110
Event: 0.127 Loaded shared library C:\Program Files\Android\Android Studio\jbr\bin\zip.dll
Event: 0.154 Loaded shared library C:\Program Files\Android\Android Studio\jbr\bin\jimage.dll


Dynamic libraries:
0x00007ff692980000 - 0x00007ff69298a000 	C:\Program Files\Android\Android Studio\jbr\bin\java.exe
0x00007ff96b370000 - 0x00007ff96b587000 	C:\windows\SYSTEM32\ntdll.dll
0x00007ff96a4e0000 - 0x00007ff96a5a4000 	C:\windows\System32\KERNEL32.DLL
0x00007ff9685d0000 - 0x00007ff9689a3000 	C:\windows\System32\KERNELBASE.dll
0x00007ff968ef0000 - 0x00007ff969001000 	C:\windows\System32\ucrtbase.dll
0x00007ff94f620000 - 0x00007ff94f638000 	C:\Program Files\Android\Android Studio\jbr\bin\jli.dll
0x00007ff963c50000 - 0x00007ff963c6b000 	C:\Program Files\Android\Android Studio\jbr\bin\VCRUNTIME140.dll
0x00007ff96a5b0000 - 0x00007ff96a761000 	C:\windows\System32\USER32.dll
0x00007ff968da0000 - 0x00007ff968dc6000 	C:\windows\System32\win32u.dll
0x00007ff952820000 - 0x00007ff952ab8000 	C:\windows\WinSxS\amd64_microsoft.windows.common-controls_6595b64144ccf1df_6.0.22621.5124_none_270e8f4f7386d69d\COMCTL32.dll
0x00007ff96a9c0000 - 0x00007ff96a9e9000 	C:\windows\System32\GDI32.dll
0x00007ff96a430000 - 0x00007ff96a4d7000 	C:\windows\System32\msvcrt.dll
0x00007ff968dd0000 - 0x00007ff968eeb000 	C:\windows\System32\gdi32full.dll
0x00007ff968480000 - 0x00007ff96851a000 	C:\windows\System32\msvcp_win.dll
0x00007ff9691c0000 - 0x00007ff9691f1000 	C:\windows\System32\IMM32.DLL
0x00007ff9657e0000 - 0x00007ff9657ec000 	C:\Program Files\Android\Android Studio\jbr\bin\vcruntime140_1.dll
0x00007ff939450000 - 0x00007ff9394dd000 	C:\Program Files\Android\Android Studio\jbr\bin\msvcp140.dll
0x00007ff8e0a60000 - 0x00007ff8e16ea000 	C:\Program Files\Android\Android Studio\jbr\bin\server\jvm.dll
0x00007ff969090000 - 0x00007ff969141000 	C:\windows\System32\ADVAPI32.dll
0x00007ff96b250000 - 0x00007ff96b2f8000 	C:\windows\System32\sechost.dll
0x00007ff968520000 - 0x00007ff968548000 	C:\windows\System32\bcrypt.dll
0x00007ff969200000 - 0x00007ff969314000 	C:\windows\System32\RPCRT4.dll
0x00007ff96a8e0000 - 0x00007ff96a951000 	C:\windows\System32\WS2_32.dll
0x00007ff967cf0000 - 0x00007ff967d3d000 	C:\windows\SYSTEM32\POWRPROF.dll
0x00007ff962300000 - 0x00007ff962334000 	C:\windows\SYSTEM32\WINMM.dll
0x00007ff960390000 - 0x00007ff96039a000 	C:\windows\SYSTEM32\VERSION.dll
0x00007ff967cd0000 - 0x00007ff967ce3000 	C:\windows\SYSTEM32\UMPDC.dll
0x00007ff9674b0000 - 0x00007ff9674c8000 	C:\windows\SYSTEM32\kernel.appcore.dll
0x00007ff963870000 - 0x00007ff96387a000 	C:\Program Files\Android\Android Studio\jbr\bin\jimage.dll
0x00007ff95f450000 - 0x00007ff95f682000 	C:\windows\SYSTEM32\DBGHELP.DLL
0x00007ff969f80000 - 0x00007ff96a312000 	C:\windows\System32\combase.dll
0x00007ff969430000 - 0x00007ff969507000 	C:\windows\System32\OLEAUT32.dll
0x00007ff94c770000 - 0x00007ff94c7a2000 	C:\windows\SYSTEM32\dbgcore.DLL
0x00007ff968bb0000 - 0x00007ff968c2b000 	C:\windows\System32\bcryptPrimitives.dll
0x00007ff95bce0000 - 0x00007ff95bd00000 	C:\Program Files\Android\Android Studio\jbr\bin\java.dll
0x00007ff9512a0000 - 0x00007ff9512b8000 	C:\Program Files\Android\Android Studio\jbr\bin\zip.dll
0x00007ff9696c0000 - 0x00007ff969f56000 	C:\windows\System32\SHELL32.dll
0x00007ff9689b0000 - 0x00007ff968aef000 	C:\windows\System32\wintypes.dll
0x00007ff9663a0000 - 0x00007ff966cba000 	C:\windows\SYSTEM32\windows.storage.dll
0x00007ff96a320000 - 0x00007ff96a42a000 	C:\windows\System32\SHCORE.dll
0x00007ff969020000 - 0x00007ff969083000 	C:\windows\System32\shlwapi.dll
0x00007ff9683b0000 - 0x00007ff9683db000 	C:\windows\SYSTEM32\profapi.dll
0x00007ff963850000 - 0x00007ff963860000 	C:\Program Files\Android\Android Studio\jbr\bin\net.dll
0x00007ff9610c0000 - 0x00007ff9611ec000 	C:\windows\SYSTEM32\WINHTTP.dll
0x00007ff9679a0000 - 0x00007ff967a0a000 	C:\windows\system32\mswsock.dll
0x00007ff950fb0000 - 0x00007ff950fc6000 	C:\Program Files\Android\Android Studio\jbr\bin\nio.dll
0x00007ff953970000 - 0x00007ff953980000 	C:\Program Files\Android\Android Studio\jbr\bin\verify.dll

dbghelp: loaded successfully - version: 4.0.5 - missing functions: none
symbol engine: initialized successfully - sym options: 0x614 - pdb path: .;C:\Program Files\Android\Android Studio\jbr\bin;C:\windows\SYSTEM32;C:\windows\WinSxS\amd64_microsoft.windows.common-controls_6595b64144ccf1df_6.0.22621.5124_none_270e8f4f7386d69d;C:\Program Files\Android\Android Studio\jbr\bin\server

VM Arguments:
java_command: org.jetbrains.kotlin.cli.jvm.K2JVMCompiler @C:\Users\user\AndroidStudioProjects\heatwafe22\app\build\20250427_3447634257705617673.compiler.options
java_class_path (initial): C:\Users\user\.gradle\caches\modules-2\files-2.1\org.jetbrains.kotlin\kotlin-compiler-embeddable\2.0.0\1de310de3446414381282ffc46c3ed3919a4d1da\kotlin-compiler-embeddable-2.0.0.jar;C:\Users\user\.gradle\caches\modules-2\files-2.1\org.jetbrains.kotlin\kotlin-stdlib\2.0.0\b48df2c4aede9586cc931ead433bc02d6fd7879e\kotlin-stdlib-2.0.0.jar;C:\Users\user\.gradle\caches\modules-2\files-2.1\org.jetbrains.kotlin\kotlin-script-runtime\2.0.0\fdc27dd047d592fa41d2dfa21e7621287a361612\kotlin-script-runtime-2.0.0.jar;C:\Users\user\.gradle\caches\modules-2\files-2.1\org.jetbrains.kotlin\kotlin-reflect\1.6.10\1cbe9c92c12a94eea200d23c2bbaedaf3daf5132\kotlin-reflect-1.6.10.jar;C:\Users\user\.gradle\caches\modules-2\files-2.1\org.jetbrains.kotlin\kotlin-daemon-embeddable\2.0.0\b39c612768614c4428c96ee9c65477181fffe9d\kotlin-daemon-embeddable-2.0.0.jar;C:\Users\user\.gradle\caches\modules-2\files-2.1\org.jetbrains.intellij.deps\trove4j\1.0.20200330\3afb14d5f9ceb459d724e907a21145e8ff394f02\trove4j-1.0.20200330.jar;C:\Users\user\.gradle\caches\modules-2\files-2.1\org.jetbrains\annotations\13.0\919f0dfe192fb4e063e7dacadee7f8bb9a2672a9\annotations-13.0.jar
Launcher Type: SUN_STANDARD

[Global flags]
     intx CICompilerCount                          = 4                                         {product} {ergonomic}
     uint ConcGCThreads                            = 3                                         {product} {ergonomic}
     uint G1ConcRefinementThreads                  = 10                                        {product} {ergonomic}
   size_t G1HeapRegionSize                         = 1048576                                   {product} {ergonomic}
    uintx GCDrainStackTargetSize                   = 64                                        {product} {ergonomic}
   size_t InitialHeapSize                          = 123731968                                 {product} {ergonomic}
   size_t MarkStackSize                            = 4194304                                   {product} {ergonomic}
   size_t MaxHeapSize                              = 1967128576                                {product} {ergonomic}
   size_t MaxNewSize                               = 1179648000                                {product} {ergonomic}
   size_t MinHeapDeltaBytes                        = 1048576                                   {product} {ergonomic}
   size_t MinHeapSize                              = 8388608                                   {product} {ergonomic}
    uintx NonNMethodCodeHeapSize                   = 5839372                                {pd product} {ergonomic}
    uintx NonProfiledCodeHeapSize                  = 122909434                              {pd product} {ergonomic}
    uintx ProfiledCodeHeapSize                     = 122909434                              {pd product} {ergonomic}
    uintx ReservedCodeCacheSize                    = 251658240                              {pd product} {ergonomic}
     bool SegmentedCodeCache                       = true                                      {product} {ergonomic}
   size_t SoftMaxHeapSize                          = 1967128576                             {manageable} {ergonomic}
     bool UseCompressedOops                        = true                           {product lp64_product} {ergonomic}
     bool UseG1GC                                  = true                                      {product} {ergonomic}
     bool UseLargePagesIndividualAllocation        = false                                  {pd product} {ergonomic}

Logging:
Log output configuration:
 #0: stdout all=warning uptime,level,tags foldmultilines=false
 #1: stderr all=off uptime,level,tags foldmultilines=false

Environment Variables:
JAVA_HOME=D:\TA\jdk-23.0.1
PATH=C:\Program Files\Common Files\Oracle\Java\javapath;C:\windows\system32;C:\windows;C:\windows\System32\Wbem;C:\windows\System32\WindowsPowerShell\v1.0\;C:\windows\System32\OpenSSH\;C:\ProgramData\chocolatey\bin;C:\Program Files\PuTTY\;C:\Program Files\Microsoft VS Code\bin;C:\php;C:\ProgramData\ComposerSetup\bin;C:\laragon\bin\php\php-8.1.10-Win32-vs16-x64;C:\laragon\bin\composer;C:\Program Files\Git\cmd;C:\Program Files\dotnet\;D:\TA\jdk-23.0.1\bin;C:\Users\user\AppData\Local\Programs\Python\Python312\Scripts\;C:\Users\user\AppData\Local\Programs\Python\Python312\;C:\Users\user\AppData\Local\Microsoft\WindowsApps;C:\Users\user\AppData\Roaming\Composer\vendor\bin;D:\TA\jdk-23.0.1\bin;
USERNAME=user
OS=Windows_NT
PROCESSOR_IDENTIFIER=AMD64 Family 23 Model 104 Stepping 1, AuthenticAMD
TMP=C:\Users\user\AppData\Local\Temp
TEMP=C:\Users\user\AppData\Local\Temp




Periodic native trim disabled

JNI global refs:
JNI global refs: 10, weak refs: 4

JNI global refs memory usage: 835, weak refs: 833

Process memory usage:
Resident Set Size: 249020K (3% of 7682076K total physical memory with 627340K free physical memory)

OOME stack traces (most recent first):
Classloader memory used:
Loader jdk.internal.loader.ClassLoaders$AppClassLoader                                 : 38880K
Loader bootstrap                                                                       : 10772K
Loader java.net.URLClassLoader                                                         : 232K

---------------  S Y S T E M  ---------------

OS:
 Windows 11 , 64 bit Build 22621 (10.0.22621.5124)
OS uptime: 2 days 22:12 hours

CPU: total 12 (initial active 12) (12 cores per cpu, 2 threads per core) family 23 model 104 stepping 1 microcode 0x0, cx8, cmov, fxsr, ht, mmx, 3dnowpref, sse, sse2, sse3, ssse3, sse4a, sse4.1, sse4.2, popcnt, lzcnt, tsc, tscinvbit, avx, avx2, aes, clmul, bmi1, bmi2, adx, sha, fma, vzeroupper, clflush, clflushopt, rdtscp, rdpid, f16c
Processor Information for all 12 processors :
  Max Mhz: 2100, Current Mhz: 2100, Mhz Limit: 2100

Memory: 4k page, system-wide physical 7502M (702M free)
TotalPageFile size 17400M (AvailPageFile size 1M)
current process WorkingSet (physical memory assigned to process): 243M, peak: 248M
current process commit charge ("private bytes"): 277M, peak: 283M

vm_info: OpenJDK 64-Bit Server VM (21.0.5+-12932927-b750.29) for windows-amd64 JRE (21.0.5+-12932927-b750.29), built on 2025-01-17T02:01:10Z by "builder" with MS VC++ 16.10 / 16.11 (VS2019)

END.
